<?xml version="1.0" encoding="UTF-8"?>
<!-- Generated by org.testng.reporters.JUnitReportReporter -->
<testsuite hostname="DESKTOP-CLFCJ9A" failures="0" tests="1" name="com.homesnz.Testcases.TC_placeSearch" time="8.423" errors="0" timestamp="2021-05-14T01:33:30 NZST" skipped="0">
  <testcase classname="com.homesnz.Testcases.TC_placeSearch" name="CitySearch" time="8.423"/>
  <system-out/>
</testsuite> <!-- com.homesnz.Testcases.TC_placeSearch -->
