<?xml version="1.0" encoding="UTF-8"?>
<!-- Generated by org.testng.reporters.JUnitReportReporter -->
<testsuite hostname="DESKTOP-CLFCJ9A" failures="0" tests="1" name="com.homesnz.Testcases.TC_addressSearch" time="22.247" errors="0" timestamp="2021-05-14T03:17:13 NZST" skipped="0">
  <testcase classname="com.homesnz.Testcases.TC_addressSearch" name="SearchAddress" time="22.247"/>
  <system-out/>
</testsuite> <!-- com.homesnz.Testcases.TC_addressSearch -->
