<?xml version="1.0" encoding="UTF-8"?>
<!-- Generated by org.testng.reporters.JUnitReportReporter -->
<testsuite hostname="DESKTOP-CLFCJ9A" failures="0" tests="1" name="com.homesnz.Testcases.TC_HomepageSearch_01" time="16.334" errors="0" timestamp="2021-05-14T04:19:09 NZST" skipped="0">
  <testcase classname="com.homesnz.Testcases.TC_HomepageSearch_01" name="SearchPlace" time="16.334"/>
  <system-out/>
</testsuite> <!-- com.homesnz.Testcases.TC_HomepageSearch_01 -->
